<?xml version="1.0" encoding="UTF-8"?>
<!-- Generated by org.testng.reporters.JUnitReportReporter -->
<testsuite hostname="KrazY" failures="0" tests="1" name="com.practice.qa.tests.LoginTest" time="18.205" errors="0" timestamp="2024-02-07T13:00:21 IST" skipped="0">
  <testcase classname="com.practice.qa.tests.LoginTest" name="verifyLoginWithValidCredentials" time="18.205"/>
  <system-out/>
</testsuite> <!-- com.practice.qa.tests.LoginTest -->
