<?xml version="1.0" encoding="UTF-8"?>
<!-- Generated by org.testng.reporters.JUnitReportReporter -->
<testsuite hostname="KrazY" failures="0" tests="2" name="com.practice.qa.tests.PracticeTest" time="0.023" errors="0" timestamp="2023-08-21T20:26:22 IST" skipped="0">
  <testcase classname="com.practice.qa.tests.PracticeTest" name="suppyTestData" time="0.019"/>
  <system-out/>
  <testcase classname="com.practice.qa.tests.PracticeTest" name="suppyTestData" time="0.004"/>
  <system-out/>
</testsuite> <!-- com.practice.qa.tests.PracticeTest -->
