<?xml version="1.0" encoding="UTF-8"?>
<!-- Generated by org.testng.reporters.JUnitReportReporter -->
<testsuite hostname="KrazY" failures="0" tests="3" name="com.nopcommerce.qa.tests.PracticeTest" time="0.107" errors="0" timestamp="2023-08-20T14:05:30 IST" skipped="0">
  <testcase classname="com.nopcommerce.qa.tests.PracticeTest" name="suppyTestData" time="0.006"/>
  <system-out/>
  <testcase classname="com.nopcommerce.qa.tests.PracticeTest" name="suppyTestData" time="0.006"/>
  <system-out/>
  <testcase classname="com.nopcommerce.qa.tests.PracticeTest" name="suppyTestData" time="0.095"/>
  <system-out/>
</testsuite> <!-- com.nopcommerce.qa.tests.PracticeTest -->
