<?xml version="1.0" encoding="UTF-8"?>
<!-- Generated by org.testng.reporters.JUnitReportReporter -->
<testsuite hostname="KrazY" failures="0" tests="1" name="com.practice.qa.tests.LoginTest" time="27.809" errors="0" timestamp="2023-12-27T13:25:55 IST" skipped="0">
  <testcase classname="com.practice.qa.tests.LoginTest" name="verifyLoginWithValidCredentials" time="27.809"/>
  <system-out/>
</testsuite> <!-- com.practice.qa.tests.LoginTest -->
